Determining if the function IceConnectionNumber exists in the ICE failed with the following output:
Change Dir: /Users/ronrosenberg/Desktop/github/redhairings/src/CMakeFiles/CMakeTmp

Run Build Command:"/usr/bin/make" "cmTC_5a19c/fast"
/Applications/Xcode.app/Contents/Developer/usr/bin/make -f CMakeFiles/cmTC_5a19c.dir/build.make CMakeFiles/cmTC_5a19c.dir/build
Building C object CMakeFiles/cmTC_5a19c.dir/CheckFunctionExists.c.o
/Applications/Xcode.app/Contents/Developer/Toolchains/XcodeDefault.xctoolchain/usr/bin/cc    -DCHECK_FUNCTION_EXISTS=IceConnectionNumber -isysroot /Applications/Xcode.app/Contents/Developer/Platforms/MacOSX.platform/Developer/SDKs/MacOSX10.10.sdk   -o CMakeFiles/cmTC_5a19c.dir/CheckFunctionExists.c.o   -c /usr/local/Cellar/cmake/3.5.1/share/cmake/Modules/CheckFunctionExists.c
Linking C executable cmTC_5a19c
/usr/local/Cellar/cmake/3.5.1/bin/cmake -E cmake_link_script CMakeFiles/cmTC_5a19c.dir/link.txt --verbose=1
/Applications/Xcode.app/Contents/Developer/Toolchains/XcodeDefault.xctoolchain/usr/bin/cc   -DCHECK_FUNCTION_EXISTS=IceConnectionNumber -isysroot /Applications/Xcode.app/Contents/Developer/Platforms/MacOSX.platform/Developer/SDKs/MacOSX10.10.sdk -Wl,-search_paths_first -Wl,-headerpad_max_install_names   CMakeFiles/cmTC_5a19c.dir/CheckFunctionExists.c.o  -o cmTC_5a19c  -L/opt/local/lib  -lICE -Wl,-rpath,/opt/local/lib 
ld: library not found for -lICE
clang: error: linker command failed with exit code 1 (use -v to see invocation)
make[1]: *** [cmTC_5a19c] Error 1
make: *** [cmTC_5a19c/fast] Error 2


Determining if the function sgetrf_single exists failed with the following output:
Change Dir: /Users/ronrosenberg/Desktop/github/redhairings/src/CMakeFiles/CMakeTmp

Run Build Command:"/usr/bin/make" "cmTC_36f12/fast"
/Applications/Xcode.app/Contents/Developer/usr/bin/make -f CMakeFiles/cmTC_36f12.dir/build.make CMakeFiles/cmTC_36f12.dir/build
Building C object CMakeFiles/cmTC_36f12.dir/CheckFunctionExists.c.o
/Applications/Xcode.app/Contents/Developer/Toolchains/XcodeDefault.xctoolchain/usr/bin/cc    -DCHECK_FUNCTION_EXISTS=sgetrf_single -isysroot /Applications/Xcode.app/Contents/Developer/Platforms/MacOSX.platform/Developer/SDKs/MacOSX10.10.sdk   -o CMakeFiles/cmTC_36f12.dir/CheckFunctionExists.c.o   -c /usr/local/Cellar/cmake/3.5.1/share/cmake/Modules/CheckFunctionExists.c
Linking C executable cmTC_36f12
/usr/local/Cellar/cmake/3.5.1/bin/cmake -E cmake_link_script CMakeFiles/cmTC_36f12.dir/link.txt --verbose=1
/Applications/Xcode.app/Contents/Developer/Toolchains/XcodeDefault.xctoolchain/usr/bin/cc   -DCHECK_FUNCTION_EXISTS=sgetrf_single -isysroot /Applications/Xcode.app/Contents/Developer/Platforms/MacOSX.platform/Developer/SDKs/MacOSX10.10.sdk -Wl,-search_paths_first -Wl,-headerpad_max_install_names   CMakeFiles/cmTC_36f12.dir/CheckFunctionExists.c.o  -o cmTC_36f12  /usr/lib/libcblas.dylib 
Undefined symbols for architecture x86_64:
  "_sgetrf_single", referenced from:
      _main in CheckFunctionExists.c.o
ld: symbol(s) not found for architecture x86_64
clang: error: linker command failed with exit code 1 (use -v to see invocation)
make[1]: *** [cmTC_36f12] Error 1
make: *** [cmTC_36f12/fast] Error 2


